<?xml version="1.0" encoding="UTF-8"?>
<!-- Generated by org.testng.reporters.JUnitReportReporter -->
<testsuite skipped="0" hostname="roxy0546" name="Regression_Scripts.Hospital_lifecycle_Doctor_Updating_his_profile" tests="1" failures="0" timestamp="07 Apr 2020 07:20:08 GMT" time="27.528" errors="0">
  <testcase name="updateProfile" time="27.528" classname="Regression_Scripts.Hospital_lifecycle_Doctor_Updating_his_profile"/>
</testsuite> <!-- Regression_Scripts.Hospital_lifecycle_Doctor_Updating_his_profile -->
